Flow report for LC3
Fri May 24 19:05:58 2013
Quartus II Version 9.0 Build 132 02/25/2009 SJ Full Version


---------------------
; Table of Contents ;
---------------------
  1. Legal Notice
  2. Flow Summary
  3. Flow Settings
  4. Flow Non-Default Global Settings
  5. Flow Elapsed Time
  6. Flow OS Summary
  7. Flow Log



----------------
; Legal Notice ;
----------------
Copyright (C) 1991-2009 Altera Corporation
Your use of Altera Corporation's design tools, logic functions 
and other software and tools, and its AMPP partner logic 
functions, and any output files from any of the foregoing 
(including device programming or simulation files), and any 
associated documentation or information are expressly subject 
to the terms and conditions of the Altera Program License 
Subscription Agreement, Altera MegaCore Function License 
Agreement, or other applicable license agreement, including, 
without limitation, that your use is for the sole purpose of 
programming logic devices manufactured by Altera and sold by 
Altera or its authorized distributors.  Please refer to the 
applicable agreement for further details.



+--------------------------------------------------------------------------+
; Flow Summary                                                             ;
+-------------------------------+------------------------------------------+
; Flow Status                   ; Successful - Fri May 24 19:05:58 2013    ;
; Quartus II Version            ; 9.0 Build 132 02/25/2009 SJ Full Version ;
; Revision Name                 ; LC3                                      ;
; Top-level Entity Name         ; LC3                                      ;
; Family                        ; Stratix II                               ;
; Device                        ; EP2S180F1508I4                           ;
; Timing Models                 ; Final                                    ;
; Met timing requirements       ; Yes                                      ;
; Logic utilization             ; < 1 %                                    ;
;     Combinational ALUTs       ; 1,023 / 143,520 ( < 1 % )                ;
;     Dedicated logic registers ; 486 / 143,520 ( < 1 % )                  ;
; Total registers               ; 486                                      ;
; Total pins                    ; 612 / 1,171 ( 52 % )                     ;
; Total virtual pins            ; 0                                        ;
; Total block memory bits       ; 147,456 / 9,383,040 ( 2 % )              ;
; DSP block 9-bit elements      ; 0 / 768 ( 0 % )                          ;
; Total PLLs                    ; 0 / 12 ( 0 % )                           ;
; Total DLLs                    ; 0 / 2 ( 0 % )                            ;
+-------------------------------+------------------------------------------+


+-----------------------------------------+
; Flow Settings                           ;
+-------------------+---------------------+
; Option            ; Setting             ;
+-------------------+---------------------+
; Start date & time ; 05/24/2013 19:04:20 ;
; Main task         ; Compilation         ;
; Revision Name     ; LC3                 ;
+-------------------+---------------------+


+--------------------------------------------------------------------------------------------------+
; Flow Non-Default Global Settings                                                                 ;
+-----------------------+-------------------------------+---------------+-------------+------------+
; Assignment Name       ; Value                         ; Default Value ; Entity Name ; Section Id ;
+-----------------------+-------------------------------+---------------+-------------+------------+
; COMPILER_SIGNATURE_ID ; 2546680725505.136939346004860 ; --            ; --          ; --         ;
; FITTER_EFFORT         ; Standard Fit                  ; Auto Fit      ; --          ; --         ;
+-----------------------+-------------------------------+---------------+-------------+------------+


+-----------------------------------------------------------------------------------------------------------------------------+
; Flow Elapsed Time                                                                                                           ;
+-------------------------+--------------+-------------------------+---------------------+------------------------------------+
; Module Name             ; Elapsed Time ; Average Processors Used ; Peak Virtual Memory ; Total CPU Time (on all processors) ;
+-------------------------+--------------+-------------------------+---------------------+------------------------------------+
; Analysis & Synthesis    ; 00:00:11     ; 1.0                     ; 214 MB              ; 00:00:11                           ;
; Fitter                  ; 00:01:02     ; 1.4                     ; 690 MB              ; 00:01:14                           ;
; Assembler               ; 00:00:19     ; 1.0                     ; 637 MB              ; 00:00:19                           ;
; Classic Timing Analyzer ; 00:00:01     ; 1.0                     ; 176 MB              ; 00:00:01                           ;
; Total                   ; 00:01:33     ; --                      ; --                  ; 00:01:45                           ;
+-------------------------+--------------+-------------------------+---------------------+------------------------------------+


+------------------------------------------------------------------------------------------+
; Flow OS Summary                                                                          ;
+-------------------------+------------------+---------------+------------+----------------+
; Module Name             ; Machine Hostname ; OS Name       ; OS Version ; Processor type ;
+-------------------------+------------------+---------------+------------+----------------+
; Analysis & Synthesis    ; lww-PC           ; Windows Vista ; 6.1        ; i686           ;
; Fitter                  ; lww-PC           ; Windows Vista ; 6.1        ; i686           ;
; Assembler               ; lww-PC           ; Windows Vista ; 6.1        ; i686           ;
; Classic Timing Analyzer ; lww-PC           ; Windows Vista ; 6.1        ; i686           ;
+-------------------------+------------------+---------------+------------+----------------+


------------
; Flow Log ;
------------
quartus_map --read_settings_files=on --write_settings_files=off LC3 -c LC3
quartus_fit --read_settings_files=off --write_settings_files=off LC3 -c LC3
quartus_asm --read_settings_files=off --write_settings_files=off LC3 -c LC3
quartus_tan --read_settings_files=off --write_settings_files=off LC3 -c LC3 --timing_analysis_only



